<?xml version="1.0" encoding="UTF-8"?>
<!-- Generated by org.testng.reporters.JUnitXMLReporter -->
<testsuite ignored="0" hostname="Rohits-MacBook-Pro.local" failures="1" tests="1" name="Rohit Test" time="29.527" errors="0" timestamp="2023-02-12T22:11:53 ACDT">
  <testcase classname="testcases.MyTest" name="validateErrorMessageOnContactPage" time="16.968">
    <failure type="java.lang.AssertionError" message="The following asserts failed:
	expected [Message is required] but found [Forename is required]">
      <![CDATA[java.lang.AssertionError: The following asserts failed:
expected [Message is required] but found [Forename is required]
at testcases.MyTest.validateErrorMessageOnContactPage(MyTest.java:124)
at java.base/java.util.ArrayList.forEach(ArrayList.java:1511)
... Removed 27 stack frames]]>
    </failure>
  </testcase> <!-- validateErrorMessageOnContactPage -->
</testsuite> <!-- Rohit Test -->
